/** -------------------------------------------------
 ** Algorithm:   Tilde
 ** Output type: out
 ** Date:        8/14/2017 12:14:35
 ** ACE version: 1.2.20
 ** Hardware:    sumit-Lenovo-G505s : x86_64 running Linux
 ** -------------------------------------------------
 ** Settings:
 **
 ** Common ** 
 *  heuristic : eucl 
 *  tilde_mode : regression 
 *  intra_literal_sharing : yes (default) 
 *  query_batch_size : default (default) 
 *  single_query_generation : no (default) 
 *  inst_generation_prob : 1.0 (default) 
 *  rmode_inst_generation_prob : 1.0 (default) 
 *  query_sample_probability : 1.0 (default) 
 *  query_sample_algo : smart (default) 
 *  aggregate_refiners : no (default) 
 *  aggregate_recursion : no (default) 
 *  aggregate_maxconjuncts : 2 (default) 
 *  aggregate_lookahead : no (default) 
 *  aggregate_refinement : no (default) 
 *  example_cache : 102400 (default) 
 *  select_root_models : on (default) 
 *  write_predictions : [] (default) 
 *  compatibility : ace1.1 (default) 
 *  max_query_len : inf (default) 
 *  log_pid : off (default) 
 *  nsplit_unsorted_fractions : 0 (default) 
 *  nsplit_sorting : basic (default) 
 *  nsplit_version : basic (default) 
 *  nsplit_talking : off (default) 
 *  discretize : entropy (default) 
 *  transform_queries : once (default) 
 *  output_dir : default (default) 
 *  bg_file : default (default) 
 *  kb_file : default (default) 
 *  randomise : none (default) 
 *  report_timings : off (default) 
 *  default_prefix : off (default) 
 *  default_min : 1 (default) 
 *  default_preprocessing : off (default) 
 *  mi_distance_maxsample : 100 (default) 
 *  language_warnings : on (default) 
 *  expert_implicit_language : off (default) 
 *  granularity : 10 (default) 
 *  leave_out : false (default) 
 *  classes : [] (default) 
 *  use_packs : ilp (default) 
 *  outerloop : queries (default) 
 *  talking : 3 (default) 
 *  load : examples 
 ** Tilde ** 
 *  combining_rules_EMiters : 10 (default) 
 *  combining_rules_EMruns : 5 (default) 
 *  combining_rules : off (default) 
 *  write_ensemble_models : [] (default) 
 *  tilde_maxdepth : inf (default) 
 *  exhaustive_lookahead : 0 (default) 
 *  query_length_bias : short (default) 
 *  special_min : 0.0 (default) 
 *  out_of_bag : no (default) 
 *  roulette_wheel_selection : no (default) 
 *  tilde_rst_optimization : no (default) 
 *  repeat_exec_time : 1 (default) 
 *  combination_rule : sum (default) 
 *  show_averages : 1 (default) 
 *  classify_mode : 0 (default) 
 *  complexity_penalty : 1.0 (default) 
 *  precompute : [] (default) 
 *  resume : off (default) 
 *  m_estimate : none (default) 
 *  output_options : [c45e,lp,ldt_term,prolog,roc01,elaborate] 
 *  prune_rules : false (default) 
 *  confidence_level : 0.25 (default) 
 *  random_test_set : 0 (default) 
 *  random_validation_set : 0 (default) 
 *  stopping_criterion : mincases (default) 
 *  pruning : c45 (default) 
 *  discretization : none (default) 
 *  multiscore_2 : off (default) 
 *  multiscore : off (default) 
 *  sampling_strategy : fixed(1000) (default) 
 *  max_querytime : 100 (default) 
 *  accuracy : 1.0 (default) 
 *  tilde_test_eval_model : std (default) 
 *  minimal_cases : 2 (default) 
 *  ftest : 0.05 (default) 
 *  tilde_version : 3.0 (default) 
 ************** 
 ** Language:
 **
 ** WARMODE BIAS ** 
 ** RMODE BIAS ** 
 *  rmode(objectID(+A)) 
 *  rmode(shape(+A,#)) 
 *  rmode((position(+A,+-B,+-C),objectID(A))) 
 *  rmode((distance(+A,+B,C),C< #[10,20,30,40,50,60,70,80,90,100,200,300,400,500,600,700,800,900,1000])) 
 *  rmode((color_distance(+A,+B,C),C< #[10,20,30,40,50,60,70,80,90,100,200,300,400])) 
 *  rmode(north(+A,+B)) 
 *  rmode(south(+A,+B)) 
 *  rmode(east(+A,+B)) 
 *  rmode(west(+A,+B)) 
 *  rmode((north(+A,+B),east(A,B))) 
 *  rmode((south(+A,+B),east(A,B))) 
 *  rmode((north(+A,+B),west(A,B))) 
 *  rmode((south(+A,+B),west(A,B))) 
 *  rmode((shape(+A,#),shape(+B,#),north(A,B))) 
 *  rmode((shape(+A,#),shape(+B,#),south(A,B))) 
 *  rmode((shape(+A,#),shape(+B,#),east(A,B))) 
 *  rmode((shape(+A,#),shape(+B,#),west(A,B))) 
 *  rmode((shape(+A,#),shape(+B,#),north(A,B),east(A,B))) 
 *  rmode((shape(+A,#),shape(+B,#),south(A,B),east(A,B))) 
 *  rmode((shape(+A,#),shape(+B,#),north(A,B),west(A,B))) 
 *  rmode((shape(+A,#),shape(+B,#),south(A,B),west(A,B))) 
 *  rmode((objectID(+-A),objectID(+-B),shape(A,#),shape(B,#),north(A,B),distance(A,B,-C),C< #[10,20,30,40,50,60,70,80,90,100,200,300,400,500,600,700,800,900,1000])) 
 *  rmode((objectID(+-A),objectID(+-B),shape(A,#),shape(B,#),south(A,B),distance(A,B,-C),C< #[10,20,30,40,50,60,70,80,90,100,200,300,400,500,600,700,800,900,1000])) 
 *  rmode((objectID(+-A),objectID(+-B),shape(A,#),shape(B,#),east(A,B),distance(A,B,-C),C< #[10,20,30,40,50,60,70,80,90,100,200,300,400,500,600,700,800,900,1000])) 
 *  rmode((objectID(+-A),objectID(+-B),shape(A,#),shape(B,#),west(A,B),distance(A,B,-C),C< #[10,20,30,40,50,60,70,80,90,100,200,300,400,500,600,700,800,900,1000])) 
 *  rmode((objectID(+-A),objectID(+-B),shape(A,#),shape(B,#),color_distance(A,B,-C),C< #[10,20,30,40,50,60,70,80,90,100,200,300,400],distance(A,B,-D),D< #[10,20,30,40,50,60,70,80,90,100,200,300,400,500,600,700,800,900,1000])) 
 *  rmode((objectID(+-A),objectID(+-B),objectID(+-C),shape(A,#),shape(B,#),shape(C,#),mid(A,B,-D,-E),position(C,-F,-G),distance(D,E,F,G,-H),H< #[10,20,30,40,50,60,70,80,90,100,200,300,400,500,600,700,800,900,1000])) 
 *  max_lookahead(1) 
 *  typed_language(yes) 
 *  type(number=number) 
 *  type(number<number) 
 *  type(number>number) 
 *  type(objectID(object)) 
 *  type(shape(object,number)) 
 *  type(size(object,number,number)) 
 *  type(area(object,number)) 
 *  type(color(object,number,number,number)) 
 *  type(position(object,number,number)) 
 *  type(north(object,object)) 
 *  type(south(object,object)) 
 *  type(east(object,object)) 
 *  type(west(object,object)) 
 *  type(north(number,number,number,number)) 
 *  type(south(number,number,number,number)) 
 *  type(east(number,number,number,number)) 
 *  type(west(number,number,number,number)) 
 *  type(color_distance(object,object,number)) 
 *  type(color_distance(number,number,number,number,number,number,number)) 
 *  type(distance(object,object,number)) 
 *  type(distance(number,number,number,number,number)) 
 *  type(mid(object,object,number,number)) 
 *  type(mid(number,number,number,number,number,number)) 
 *  type(member(A,B)) 
 *  type(for_int(A,B,C)) 
 ******************** 
 **/

Average discretization time: 0.0
Average induction time: 184.08

Model:
    Complexity: 19.0 nodes, 131.0 literals
Training:
    Number of examples: 110
    Pearson correlation: [0.993708941163101]
    MSE: [0.000295433287012039]
    MAE: [0.0137567407558937]
     -------- Roc curve
    0.0	0.0
    0.0	0.428571428571429
    0.0679611650485437	1.0
    0.0970873786407767	1.0
    0.145631067961165	1.0
    0.194174757281553	1.0
    0.252427184466019	1.0
    0.29126213592233	1.0
    0.349514563106796	1.0
    0.407766990291262	1.0
    0.446601941747573	1.0
    0.495145631067961	1.0
    0.592233009708738	1.0
    0.631067961165049	1.0
    0.699029126213592	1.0
    0.728155339805825	1.0
    0.864077669902913	1.0
    0.883495145631068	1.0
    0.912621359223301	1.0
    0.941747572815534	1.0
    1.0	1.0
    1.0	1.0
    ------------------
    Total Area Under Curve = 0.980582524271844
    ------------------
    Chi-Square = 38.0114065466197
    P-Value (8 DF) = 7.49184034209316e-06
Testing:
    No examples available.


Compact notation of tree:

[0.712429660399691] 110.0 
objectID(-A),objectID(-B),objectID(-C),shape(A,0),shape(B,0),shape(C,1),mid(A,B,-D,-E),position(C,-F,-G),distance(D,E,F,G,-H),H<300 ? 
+--yes: [0.838417479501036] 56.0 
|       objectID(B),objectID(A),objectID(C),shape(B,0),shape(A,0),shape(C,1),mid(B,A,-I,-J),position(C,-K,-L),distance(I,J,K,L,-M),M<200 ? 
|       +--yes: [0.910423721367] 31.0 
|       |       objectID(B),objectID(A),objectID(C),shape(B,0),shape(A,0),shape(C,1),mid(B,A,-N,-O),position(C,-P,-Q),distance(N,O,P,Q,-R),R<100 ? 
|       |       +--yes: [0.963536594285714] 14.0 
|       |       |       objectID(B),objectID(A),objectID(C),shape(B,0),shape(A,0),shape(C,1),mid(B,A,-S,-T),position(C,-U,-V),distance(S,T,U,V,-W),W<40 ? 
|       |       |       +--yes: [0.99] 6.0 [0.00447213595500236]
|       |       |       +--no:  [0.94368904] 8.0 
|       |       |               objectID(B),objectID(A),objectID(C),shape(B,0),shape(A,0),shape(C,1),mid(B,A,-X,-Y),position(C,-Z,-A1),distance(X,Y,Z,A1,-B1),B1<60 ? 
|       |       |               +--yes: [0.9604] 3.0 [2.12544326012786e-09]
|       |       |               +--no:  [0.933662464] 5.0 
|       |       |                       objectID(B),objectID(A),objectID(C),shape(B,0),shape(A,0),shape(C,1),mid(B,A,-C1,-D1),position(C,-E1,-F1),distance(C1,D1,E1,F1,-G1),G1<80 ? 
|       |       |                       +--yes: [0.941192] 3.0 [-nan]
|       |       |                       +--no:  [0.92236816] 2.0 [3.65922079549677e-09]
|       |       +--no:  [0.866683708375118] 17.0 
|       |               north(B,A) ? 
|       |               +--yes: [0.877290794472071] 14.0 [0.00688923295711984]
|       |               +--no:  [0.817183973256] 3.0 [0.00953117907316876]
|       +--no:  [0.74912973958724] 25.0 
|               north(B,A) ? 
|               +--yes: [0.792290269873273] 11.0 
|               |       distance(C,B,-H1),H1<300 ? 
|               |       +--yes: [0.805541360696571] 7.0 [0.00685765645255084]
|               |       +--no:  [0.7691008609325] 4.0 [0.00634327516263466]
|               +--no:  [0.7152178943625] 14.0 
|                       objectID(C),objectID(-I1),shape(C,1),shape(I1,0),color_distance(C,I1,-J1),J1<300,distance(C,I1,-K1),K1<600 ? 
|                       +--yes: [0.7314818781903] 10.0 [0.00738857185828482]
|                       +--no:  [0.674557934793] 4.0 [0.00879611121995998]
+--no:  [0.581775625776074] 54.0 
        objectID(-L1),objectID(-M1),shape(L1,0),shape(M1,1),color_distance(L1,M1,-N1),N1<400,distance(L1,M1,-O1),O1<500 ? 
        +--yes: [0.625327387591] 32.0 
        |       objectID(L1),objectID(M1),shape(L1,0),shape(M1,1),north(L1,M1),distance(L1,M1,-P1),P1<400 ? 
        |       +--yes: [0.676041024324091] 11.0 
        |       |       color_distance(M1,L1,-Q1),Q1<10 ? 
        |       |       +--yes: [0.709611308903] 5.0 [0.0101360633719209]
        |       |       +--no:  [0.648065787175] 6.0 [0.00999827404553801]
        |       +--no:  [0.59876310168319] 21.0 
        |               objectID(M1),objectID(-R1),shape(M1,1),shape(R1,0),color_distance(M1,R1,-S1),S1<300,distance(M1,R1,-T1),T1<800 ? 
        |               +--yes: [0.611862864256812] 16.0 
        |               |       objectID(M1),objectID(-U1),shape(M1,1),shape(U1,0),north(M1,U1),distance(M1,U1,-V1),V1<600 ? 
        |               |       +--yes: [0.6287320578507] 10.0 
        |               |       |       objectID(U1),objectID(R1),objectID(M1),shape(U1,0),shape(R1,0),shape(M1,1),mid(U1,R1,-W1,-X1),position(M1,-Y1,-Z1),distance(W1,X1,Y1,Z1,-A2),A2<500 ? 
        |               |       |       +--yes: [0.643483290087833] 6.0 [0.00623682920347026]
        |               |       |       +--no:  [0.606605209495] 4.0 [0.00584212974090091]
        |               |       +--no:  [0.583747541600333] 6.0 [0.00782798173988451]
        |               +--no:  [0.5568438614476] 5.0 [0.0079539384409119]
        +--no:  [0.518427608590727] 22.0 
                objectID(-B2),objectID(-C2),shape(B2,1),shape(C2,0),east(B2,C2),distance(B2,C2,-D2),D2<600 ? 
                +--yes: [0.55562277526725] 8.0 
                |       color_distance(C2,B2,-E2),E2<10 ? 
                |       +--yes: [0.5682080218852] 5.0 [0.00811626371521245]
                |       +--no:  [0.534647364237333] 3.0 [0.00623582930679108]
                +--no:  [0.497173227632714] 14.0 
                        objectID(-F2),objectID(-G2),shape(F2,0),shape(G2,1),color_distance(F2,G2,-H2),H2<300,distance(F2,G2,-I2),I2<1000 ? 
                        +--yes: [0.506182009302273] 11.0 [0.00518252667554984]
                        +--no:  [0.464141028177667] 3.0 [0.00541348264250256]

Equivalent prolog program:

class([0.99]) :- objectID(A),objectID(B),objectID(C),shape(A,0),shape(B,0),shape(C,1),mid(A,B,D,E),position(C,F,G),distance(D,E,F,G,H),H<300,objectID(B),objectID(A),objectID(C),shape(B,0),shape(A,0),shape(C,1),mid(B,A,I,J),position(C,K,L),distance(I,J,K,L,M),M<200,objectID(B),objectID(A),objectID(C),shape(B,0),shape(A,0),shape(C,1),mid(B,A,N,O),position(C,P,Q),distance(N,O,P,Q,R),R<100,objectID(B),objectID(A),objectID(C),shape(B,0),shape(A,0),shape(C,1),mid(B,A,S,T),position(C,U,V),distance(S,T,U,V,W),W<40, !.
% 6.0 examples.
class([0.9604]) :- objectID(A),objectID(B),objectID(C),shape(A,0),shape(B,0),shape(C,1),mid(A,B,D,E),position(C,F,G),distance(D,E,F,G,H),H<300,objectID(B),objectID(A),objectID(C),shape(B,0),shape(A,0),shape(C,1),mid(B,A,I,J),position(C,K,L),distance(I,J,K,L,M),M<200,objectID(B),objectID(A),objectID(C),shape(B,0),shape(A,0),shape(C,1),mid(B,A,N,O),position(C,P,Q),distance(N,O,P,Q,R),R<100,objectID(B),objectID(A),objectID(C),shape(B,0),shape(A,0),shape(C,1),mid(B,A,S,T),position(C,U,V),distance(S,T,U,V,W),W<60, !.
% 3.0 examples.
class([0.941192]) :- objectID(A),objectID(B),objectID(C),shape(A,0),shape(B,0),shape(C,1),mid(A,B,D,E),position(C,F,G),distance(D,E,F,G,H),H<300,objectID(B),objectID(A),objectID(C),shape(B,0),shape(A,0),shape(C,1),mid(B,A,I,J),position(C,K,L),distance(I,J,K,L,M),M<200,objectID(B),objectID(A),objectID(C),shape(B,0),shape(A,0),shape(C,1),mid(B,A,N,O),position(C,P,Q),distance(N,O,P,Q,R),R<100,objectID(B),objectID(A),objectID(C),shape(B,0),shape(A,0),shape(C,1),mid(B,A,S,T),position(C,U,V),distance(S,T,U,V,W),W<80, !.
% 3.0 examples.
class([0.92236816]) :- objectID(A),objectID(B),objectID(C),shape(A,0),shape(B,0),shape(C,1),mid(A,B,D,E),position(C,F,G),distance(D,E,F,G,H),H<300,objectID(B),objectID(A),objectID(C),shape(B,0),shape(A,0),shape(C,1),mid(B,A,I,J),position(C,K,L),distance(I,J,K,L,M),M<200,objectID(B),objectID(A),objectID(C),shape(B,0),shape(A,0),shape(C,1),mid(B,A,N,O),position(C,P,Q),distance(N,O,P,Q,R),R<100, !.
% 2.0 examples.
class([0.877290794472071]) :- objectID(A),objectID(B),objectID(C),shape(A,0),shape(B,0),shape(C,1),mid(A,B,D,E),position(C,F,G),distance(D,E,F,G,H),H<300,objectID(B),objectID(A),objectID(C),shape(B,0),shape(A,0),shape(C,1),mid(B,A,I,J),position(C,K,L),distance(I,J,K,L,M),M<200,north(B,A), !.
% 14.0 examples.
class([0.817183973256]) :- objectID(A),objectID(B),objectID(C),shape(A,0),shape(B,0),shape(C,1),mid(A,B,D,E),position(C,F,G),distance(D,E,F,G,H),H<300,objectID(B),objectID(A),objectID(C),shape(B,0),shape(A,0),shape(C,1),mid(B,A,I,J),position(C,K,L),distance(I,J,K,L,M),M<200, !.
% 3.0 examples.
class([0.805541360696571]) :- objectID(A),objectID(B),objectID(C),shape(A,0),shape(B,0),shape(C,1),mid(A,B,D,E),position(C,F,G),distance(D,E,F,G,H),H<300,north(B,A),distance(C,B,I),I<300, !.
% 7.0 examples.
class([0.7691008609325]) :- objectID(A),objectID(B),objectID(C),shape(A,0),shape(B,0),shape(C,1),mid(A,B,D,E),position(C,F,G),distance(D,E,F,G,H),H<300,north(B,A), !.
% 4.0 examples.
class([0.7314818781903]) :- objectID(A),objectID(B),objectID(C),shape(A,0),shape(B,0),shape(C,1),mid(A,B,D,E),position(C,F,G),distance(D,E,F,G,H),H<300,objectID(C),objectID(I),shape(C,1),shape(I,0),color_distance(C,I,J),J<300,distance(C,I,K),K<600, !.
% 10.0 examples.
class([0.674557934793]) :- objectID(A),objectID(B),objectID(C),shape(A,0),shape(B,0),shape(C,1),mid(A,B,D,E),position(C,F,G),distance(D,E,F,G,H),H<300, !.
% 4.0 examples.
class([0.709611308903]) :- objectID(A),objectID(B),shape(A,0),shape(B,1),color_distance(A,B,C),C<400,distance(A,B,D),D<500,objectID(A),objectID(B),shape(A,0),shape(B,1),north(A,B),distance(A,B,E),E<400,color_distance(B,A,F),F<10, !.
% 5.0 examples.
class([0.648065787175]) :- objectID(A),objectID(B),shape(A,0),shape(B,1),color_distance(A,B,C),C<400,distance(A,B,D),D<500,objectID(A),objectID(B),shape(A,0),shape(B,1),north(A,B),distance(A,B,E),E<400, !.
% 6.0 examples.
class([0.643483290087833]) :- objectID(A),objectID(B),shape(A,0),shape(B,1),color_distance(A,B,C),C<400,distance(A,B,D),D<500,objectID(B),objectID(E),shape(B,1),shape(E,0),color_distance(B,E,F),F<300,distance(B,E,G),G<800,objectID(B),objectID(H),shape(B,1),shape(H,0),north(B,H),distance(B,H,I),I<600,objectID(H),objectID(E),objectID(B),shape(H,0),shape(E,0),shape(B,1),mid(H,E,J,K),position(B,L,M),distance(J,K,L,M,N),N<500, !.
% 6.0 examples.
class([0.606605209495]) :- objectID(A),objectID(B),shape(A,0),shape(B,1),color_distance(A,B,C),C<400,distance(A,B,D),D<500,objectID(B),objectID(E),shape(B,1),shape(E,0),color_distance(B,E,F),F<300,distance(B,E,G),G<800,objectID(B),objectID(H),shape(B,1),shape(H,0),north(B,H),distance(B,H,I),I<600, !.
% 4.0 examples.
class([0.583747541600333]) :- objectID(A),objectID(B),shape(A,0),shape(B,1),color_distance(A,B,C),C<400,distance(A,B,D),D<500,objectID(B),objectID(E),shape(B,1),shape(E,0),color_distance(B,E,F),F<300,distance(B,E,G),G<800, !.
% 6.0 examples.
class([0.5568438614476]) :- objectID(A),objectID(B),shape(A,0),shape(B,1),color_distance(A,B,C),C<400,distance(A,B,D),D<500, !.
% 5.0 examples.
class([0.5682080218852]) :- objectID(A),objectID(B),shape(A,1),shape(B,0),east(A,B),distance(A,B,C),C<600,color_distance(B,A,D),D<10, !.
% 5.0 examples.
class([0.534647364237333]) :- objectID(A),objectID(B),shape(A,1),shape(B,0),east(A,B),distance(A,B,C),C<600, !.
% 3.0 examples.
class([0.506182009302273]) :- objectID(A),objectID(B),shape(A,0),shape(B,1),color_distance(A,B,C),C<300,distance(A,B,D),D<1000, !.
% 11.0 examples.
class([0.464141028177667]).
% 3.0 examples.


Tree as term:

ldt(inode(test((true,objectID(_2025912),objectID(_2025914),objectID(_2025916),shape(_2025912,0),shape(_2025914,0),shape(_2025916,1),mid(_2025912,_2025914,_2025929,_2025930),position(_2025916,_2025933,_2025934),distance(_2025929,_2025930,_2025933,_2025934,_2025910),_2025910<300)),ldt(inode(test(((true,objectID(_2026623),objectID(_2026628),objectID(_2026633),shape(_2026623,0),shape(_2026628,0),shape(_2026633,1),mid(_2026623,_2026628,_2026658,_2026659),position(_2026633,_2026665,_2026666),distance(_2026658,_2026659,_2026665,_2026666,_2026675),_2026675<300),objectID(_2026628),objectID(_2026623),objectID(_2026633),shape(_2026628,0),shape(_2026623,0),shape(_2026633,1),mid(_2026628,_2026623,_2026697,_2026698),position(_2026633,_2026701,_2026702),distance(_2026697,_2026698,_2026701,_2026702,_2026615),_2026615<200)),ldt(inode(test(((true,objectID(_2027203),objectID(_2027208),objectID(_2027213),shape(_2027203,0),shape(_2027208,0),shape(_2027213,1),mid(_2027203,_2027208,_2027238,_2027239),position(_2027213,_2027245,_2027246),distance(_2027238,_2027239,_2027245,_2027246,_2027255),_2027255<300,objectID(_2027208),objectID(_2027203),objectID(_2027213),shape(_2027208,0),shape(_2027203,0),shape(_2027213,1),mid(_2027208,_2027203,_2027301,_2027302),position(_2027213,_2027308,_2027309),distance(_2027301,_2027302,_2027308,_2027309,_2027318),_2027318<200),objectID(_2027208),objectID(_2027203),objectID(_2027213),shape(_2027208,0),shape(_2027203,0),shape(_2027213,1),mid(_2027208,_2027203,_2027340,_2027341),position(_2027213,_2027344,_2027345),distance(_2027340,_2027341,_2027344,_2027345,_2027195),_2027195<100)),ldt(inode(test(((true,objectID(_2037919),objectID(_2037924),objectID(_2037929),shape(_2037919,0),shape(_2037924,0),shape(_2037929,1),mid(_2037919,_2037924,_2037954,_2037955),position(_2037929,_2037961,_2037962),distance(_2037954,_2037955,_2037961,_2037962,_2037971),_2037971<300,objectID(_2037924),objectID(_2037919),objectID(_2037929),shape(_2037924,0),shape(_2037919,0),shape(_2037929,1),mid(_2037924,_2037919,_2038017,_2038018),position(_2037929,_2038024,_2038025),distance(_2038017,_2038018,_2038024,_2038025,_2038034),_2038034<200,objectID(_2037924),objectID(_2037919),objectID(_2037929),shape(_2037924,0),shape(_2037919,0),shape(_2037929,1),mid(_2037924,_2037919,_2038080,_2038081),position(_2037929,_2038087,_2038088),distance(_2038080,_2038081,_2038087,_2038088,_2038097),_2038097<100),objectID(_2037924),objectID(_2037919),objectID(_2037929),shape(_2037924,0),shape(_2037919,0),shape(_2037929,1),mid(_2037924,_2037919,_2038119,_2038120),position(_2037929,_2038123,_2038124),distance(_2038119,_2038120,_2038123,_2038124,_2037911),_2037911<40)),ldt(leaf(constant_local_leaf_model([0.99],[0.00447213595500236],6.0))),ldt(inode(test(((true,objectID(_16899930),objectID(_16899935),objectID(_16899940),shape(_16899930,0),shape(_16899935,0),shape(_16899940,1),mid(_16899930,_16899935,_16899965,_16899966),position(_16899940,_16899972,_16899973),distance(_16899965,_16899966,_16899972,_16899973,_16899982),_16899982<300,objectID(_16899935),objectID(_16899930),objectID(_16899940),shape(_16899935,0),shape(_16899930,0),shape(_16899940,1),mid(_16899935,_16899930,_16900028,_16900029),position(_16899940,_16900035,_16900036),distance(_16900028,_16900029,_16900035,_16900036,_16900045),_16900045<200,objectID(_16899935),objectID(_16899930),objectID(_16899940),shape(_16899935,0),shape(_16899930,0),shape(_16899940,1),mid(_16899935,_16899930,_16900091,_16900092),position(_16899940,_16900098,_16900099),distance(_16900091,_16900092,_16900098,_16900099,_16900108),_16900108<100),objectID(_16899935),objectID(_16899930),objectID(_16899940),shape(_16899935,0),shape(_16899930,0),shape(_16899940,1),mid(_16899935,_16899930,_16900130,_16900131),position(_16899940,_16900134,_16900135),distance(_16900130,_16900131,_16900134,_16900135,_16899922),_16899922<60)),ldt(leaf(constant_local_leaf_model([0.9604],[2.12544326012786e-09],3.0))),ldt(inode(test(((true,objectID(_16900149),objectID(_16900154),objectID(_16900159),shape(_16900149,0),shape(_16900154,0),shape(_16900159,1),mid(_16900149,_16900154,_16900184,_16900185),position(_16900159,_16900191,_16900192),distance(_16900184,_16900185,_16900191,_16900192,_16900201),_16900201<300,objectID(_16900154),objectID(_16900149),objectID(_16900159),shape(_16900154,0),shape(_16900149,0),shape(_16900159,1),mid(_16900154,_16900149,_16900247,_16900248),position(_16900159,_16900254,_16900255),distance(_16900247,_16900248,_16900254,_16900255,_16900264),_16900264<200,objectID(_16900154),objectID(_16900149),objectID(_16900159),shape(_16900154,0),shape(_16900149,0),shape(_16900159,1),mid(_16900154,_16900149,_16900310,_16900311),position(_16900159,_16900317,_16900318),distance(_16900310,_16900311,_16900317,_16900318,_16900327),_16900327<100),objectID(_16900154),objectID(_16900149),objectID(_16900159),shape(_16900154,0),shape(_16900149,0),shape(_16900159,1),mid(_16900154,_16900149,_16900349,_16900350),position(_16900159,_16900353,_16900354),distance(_16900349,_16900350,_16900353,_16900354,_16900141),_16900141<80)),ldt(leaf(constant_local_leaf_model([0.941192],[-nan],3.0))),ldt(leaf(constant_local_leaf_model([0.92236816],[3.65922079549677e-09],2.0))))))))),ldt(inode(test(((true,objectID(_2037465),objectID(_2037470),objectID(_2037475),shape(_2037465,0),shape(_2037470,0),shape(_2037475,1),mid(_2037465,_2037470,_2037500,_2037501),position(_2037475,_2037507,_2037508),distance(_2037500,_2037501,_2037507,_2037508,_2037517),_2037517<300,objectID(_2037470),objectID(_2037465),objectID(_2037475),shape(_2037470,0),shape(_2037465,0),shape(_2037475,1),mid(_2037470,_2037465,_2037563,_2037564),position(_2037475,_2037570,_2037571),distance(_2037563,_2037564,_2037570,_2037571,_2037580),_2037580<200),north(_2037470,_2037465))),ldt(leaf(constant_local_leaf_model([0.877290794472071],[0.00688923295711984],14.0))),ldt(leaf(constant_local_leaf_model([0.817183973256],[0.00953117907316876],3.0))))))),ldt(inode(test(((true,objectID(_2025991),objectID(_2025996),objectID(_2026001),shape(_2025991,0),shape(_2025996,0),shape(_2026001,1),mid(_2025991,_2025996,_2026026,_2026027),position(_2026001,_2026033,_2026034),distance(_2026026,_2026027,_2026033,_2026034,_2026043),_2026043<300),north(_2025996,_2025991))),ldt(inode(test(((true,objectID(_2037239),objectID(_2037244),objectID(_2037249),shape(_2037239,0),shape(_2037244,0),shape(_2037249,1),mid(_2037239,_2037244,_2037274,_2037275),position(_2037249,_2037281,_2037282),distance(_2037274,_2037275,_2037281,_2037282,_2037291),_2037291<300,north(_2037244,_2037239)),distance(_2037249,_2037244,_2037231),_2037231<300)),ldt(leaf(constant_local_leaf_model([0.805541360696571],[0.00685765645255084],7.0))),ldt(leaf(constant_local_leaf_model([0.7691008609325],[0.00634327516263466],4.0))))),ldt(inode(test(((true,objectID(_2026181),objectID(_2026186),objectID(_2026191),shape(_2026181,0),shape(_2026186,0),shape(_2026191,1),mid(_2026181,_2026186,_2026216,_2026217),position(_2026191,_2026223,_2026224),distance(_2026216,_2026217,_2026223,_2026224,_2026233),_2026233<300),objectID(_2026191),objectID(_2026240),shape(_2026191,1),shape(_2026240,0),color_distance(_2026191,_2026240,_2026250),_2026250<300,distance(_2026191,_2026240,_2026173),_2026173<600)),ldt(leaf(constant_local_leaf_model([0.7314818781903],[0.00738857185828482],10.0))),ldt(leaf(constant_local_leaf_model([0.674557934793],[0.00879611121995998],4.0))))))))),ldt(inode(test((true,objectID(_2028508),objectID(_2028510),shape(_2028508,0),shape(_2028510,1),color_distance(_2028508,_2028510,_2028520),_2028520<400,distance(_2028508,_2028510,_2028506),_2028506<500)),ldt(inode(test(((true,objectID(_2028608),objectID(_2028613),shape(_2028608,0),shape(_2028613,1),color_distance(_2028608,_2028613,_2028632),_2028632<400,distance(_2028608,_2028613,_2028645),_2028645<500),objectID(_2028608),objectID(_2028613),shape(_2028608,0),shape(_2028613,1),north(_2028608,_2028613),distance(_2028608,_2028613,_2028600),_2028600<400)),ldt(inode(test(((true,objectID(_2036950),objectID(_2036955),shape(_2036950,0),shape(_2036955,1),color_distance(_2036950,_2036955,_2036974),_2036974<400,distance(_2036950,_2036955,_2036987),_2036987<500,objectID(_2036950),objectID(_2036955),shape(_2036950,0),shape(_2036955,1),north(_2036950,_2036955),distance(_2036950,_2036955,_2037028),_2037028<400),color_distance(_2036955,_2036950,_2036942),_2036942<10)),ldt(leaf(constant_local_leaf_model([0.709611308903],[0.0101360633719209],5.0))),ldt(leaf(constant_local_leaf_model([0.648065787175],[0.00999827404553801],6.0))))),ldt(inode(test(((true,objectID(_2026362),objectID(_2026367),shape(_2026362,0),shape(_2026367,1),color_distance(_2026362,_2026367,_2026386),_2026386<400,distance(_2026362,_2026367,_2026399),_2026399<500),objectID(_2026367),objectID(_2026406),shape(_2026367,1),shape(_2026406,0),color_distance(_2026367,_2026406,_2026416),_2026416<300,distance(_2026367,_2026406,_2026354),_2026354<800)),ldt(inode(test(((true,objectID(_2030270),objectID(_2030275),shape(_2030270,0),shape(_2030275,1),color_distance(_2030270,_2030275,_2030294),_2030294<400,distance(_2030270,_2030275,_2030307),_2030307<500,objectID(_2030275),objectID(_2030323),shape(_2030275,1),shape(_2030323,0),color_distance(_2030275,_2030323,_2030342),_2030342<300,distance(_2030275,_2030323,_2030355),_2030355<800),objectID(_2030275),objectID(_2030362),shape(_2030275,1),shape(_2030362,0),north(_2030275,_2030362),distance(_2030275,_2030362,_2030262),_2030262<600)),ldt(inode(test(((true,objectID(_2033775),objectID(_2033780),shape(_2033775,0),shape(_2033780,1),color_distance(_2033775,_2033780,_2033799),_2033799<400,distance(_2033775,_2033780,_2033812),_2033812<500,objectID(_2033780),objectID(_2033828),shape(_2033780,1),shape(_2033828,0),color_distance(_2033780,_2033828,_2033847),_2033847<300,distance(_2033780,_2033828,_2033860),_2033860<800,objectID(_2033780),objectID(_2033876),shape(_2033780,1),shape(_2033876,0),north(_2033780,_2033876),distance(_2033780,_2033876,_2033901),_2033901<600),objectID(_2033876),objectID(_2033828),objectID(_2033780),shape(_2033876,0),shape(_2033828,0),shape(_2033780,1),mid(_2033876,_2033828,_2033923,_2033924),position(_2033780,_2033927,_2033928),distance(_2033923,_2033924,_2033927,_2033928,_2033767),_2033767<500)),ldt(leaf(constant_local_leaf_model([0.643483290087833],[0.00623682920347026],6.0))),ldt(leaf(constant_local_leaf_model([0.606605209495],[0.00584212974090091],4.0))))),ldt(leaf(constant_local_leaf_model([0.583747541600333],[0.00782798173988451],6.0))))),ldt(leaf(constant_local_leaf_model([0.5568438614476],[0.0079539384409119],5.0))))))),ldt(inode(test((true,objectID(_2025254),objectID(_2025256),shape(_2025254,1),shape(_2025256,0),east(_2025254,_2025256),distance(_2025254,_2025256,_2025252),_2025252<600)),ldt(inode(test(((true,objectID(_2026290),objectID(_2026295),shape(_2026290,1),shape(_2026295,0),east(_2026290,_2026295),distance(_2026290,_2026295,_2026320),_2026320<600),color_distance(_2026295,_2026290,_2026282),_2026282<10)),ldt(leaf(constant_local_leaf_model([0.5682080218852],[0.00811626371521245],5.0))),ldt(leaf(constant_local_leaf_model([0.534647364237333],[0.00623582930679108],3.0))))),ldt(inode(test((true,objectID(_2028532),objectID(_2028534),shape(_2028532,0),shape(_2028534,1),color_distance(_2028532,_2028534,_2028544),_2028544<300,distance(_2028532,_2028534,_2028530),_2028530<1000)),ldt(leaf(constant_local_leaf_model([0.506182009302273],[0.00518252667554984],11.0))),ldt(leaf(constant_local_leaf_model([0.464141028177667],[0.00541348264250256],3.0)))))))))))


